-------------------------------------------------------------------------------
Test set: com.cocktail.ProjetCocktailSpringApplicationTests
-------------------------------------------------------------------------------
Tests run: 1, Failures: 0, Errors: 1, Skipped: 0, Time elapsed: 0.546 s <<< FAILURE! - in com.cocktail.ProjetCocktailSpringApplicationTests
initializationError(com.cocktail.ProjetCocktailSpringApplicationTests)  Time elapsed: 0.008 s  <<< ERROR!
java.lang.IllegalStateException: Unable to find a @SpringBootConfiguration, you need to use @ContextConfiguration or @SpringBootTest(classes=...) with your test

